[1 - Suricata-Main] 2025-11-04 20:14:02 Notice: suricata: This is Suricata version 8.0.1 RELEASE running in USER mode
[1 - Suricata-Main] 2025-11-04 20:14:02 Info: cpu: CPUs/cores online: 12
[1 - Suricata-Main] 2025-11-04 20:14:02 Info: suricata: Setting engine mode to IDS mode by default
[1 - Suricata-Main] 2025-11-04 20:14:02 Info: exception-policy: master exception-policy set to: auto
[1 - Suricata-Main] 2025-11-04 20:14:02 Info: logopenfile: fast output device (regular) initialized: fast.log
[1 - Suricata-Main] 2025-11-04 20:14:02 Info: logopenfile: eve-log output device (regular) initialized: eve.json
[1 - Suricata-Main] 2025-11-04 20:14:02 Info: logopenfile: stats output device (regular) initialized: stats.log
[1 - Suricata-Main] 2025-11-04 20:14:02 Warning: detect: No rule files match the pattern /var/lib/suricata/rules/suricata.rules
[1 - Suricata-Main] 2025-11-04 20:14:02 Warning: detect: 1 rule files specified, but no rules were loaded!
[1 - Suricata-Main] 2025-11-04 20:14:02 Info: threshold-config: Threshold config parsed: 0 rule(s) found
[1 - Suricata-Main] 2025-11-04 20:14:02 Info: detect: 0 signatures processed. 0 are IP-only rules, 0 are inspecting packet payload, 0 inspect application layer, 0 are decoder event only
[1 - Suricata-Main] 2025-11-04 20:14:02 Notice: mpm-hs: Rule group caching - loaded: 0 newly cached: 0 total cacheable: 0
[12 - RX#01] 2025-11-04 20:14:02 Info: pcap: Starting file run for /pcap/analysis_latest.pcap
[1 - Suricata-Main] 2025-11-04 20:14:02 Notice: threads: Threads created -> RX: 1 W: 12 FM: 1 FR: 1   Engine started.
[12 - RX#01] 2025-11-04 20:14:02 Info: pcap: pcap file /pcap/analysis_latest.pcap end of file reached (pcap err code 0)
[1 - Suricata-Main] 2025-11-04 20:14:02 Notice: suricata: Signal Received.  Stopping engine.
[1 - Suricata-Main] 2025-11-04 20:14:02 Info: suricata: time elapsed 0.110s
[12 - RX#01] 2025-11-04 20:14:02 Notice: pcap: read 1 file, 200 packets, 33212 bytes
[1 - Suricata-Main] 2025-11-04 20:14:02 Info: counters: Alerts: 0
[1 - Suricata-Main] 2025-11-04 20:17:46 Notice: suricata: This is Suricata version 8.0.1 RELEASE running in USER mode
[1 - Suricata-Main] 2025-11-04 20:17:46 Info: cpu: CPUs/cores online: 12
[1 - Suricata-Main] 2025-11-04 20:17:46 Info: suricata: Setting engine mode to IDS mode by default
[1 - Suricata-Main] 2025-11-04 20:17:46 Info: exception-policy: master exception-policy set to: auto
[1 - Suricata-Main] 2025-11-04 20:17:46 Info: logopenfile: fast output device (regular) initialized: fast.log
[1 - Suricata-Main] 2025-11-04 20:17:46 Info: logopenfile: eve-log output device (regular) initialized: eve.json
[1 - Suricata-Main] 2025-11-04 20:17:46 Info: logopenfile: stats output device (regular) initialized: stats.log
[1 - Suricata-Main] 2025-11-04 20:17:46 Info: detect: 1 rule files processed. 2 rules successfully loaded, 0 rules failed, 0 rules skipped
[1 - Suricata-Main] 2025-11-04 20:17:46 Info: threshold-config: Threshold config parsed: 0 rule(s) found
[1 - Suricata-Main] 2025-11-04 20:17:46 Info: detect: 2 signatures processed. 0 are IP-only rules, 1 are inspecting packet payload, 1 inspect application layer, 0 are decoder event only
[1 - Suricata-Main] 2025-11-04 20:17:46 Notice: mpm-hs: Rule group caching - loaded: 0 newly cached: 2 total cacheable: 2
[12 - RX#01] 2025-11-04 20:17:46 Info: pcap: Starting file run for /pcap/analysis_latest.pcap
[1 - Suricata-Main] 2025-11-04 20:17:46 Notice: threads: Threads created -> RX: 1 W: 12 FM: 1 FR: 1   Engine started.
[12 - RX#01] 2025-11-04 20:17:46 Info: pcap: pcap file /pcap/analysis_latest.pcap end of file reached (pcap err code 0)
[1 - Suricata-Main] 2025-11-04 20:17:46 Notice: suricata: Signal Received.  Stopping engine.
[1 - Suricata-Main] 2025-11-04 20:17:46 Info: suricata: time elapsed 0.108s
[12 - RX#01] 2025-11-04 20:17:46 Notice: pcap: read 1 file, 200 packets, 33212 bytes
[1 - Suricata-Main] 2025-11-04 20:17:46 Info: counters: Alerts: 14
[1 - Suricata-Main] 2025-11-04 20:43:46 Notice: suricata: This is Suricata version 8.0.1 RELEASE running in USER mode
[1 - Suricata-Main] 2025-11-04 20:43:46 Info: cpu: CPUs/cores online: 12
[1 - Suricata-Main] 2025-11-04 20:43:46 Info: suricata: Setting engine mode to IDS mode by default
[1 - Suricata-Main] 2025-11-04 20:43:46 Info: exception-policy: master exception-policy set to: auto
[1 - Suricata-Main] 2025-11-04 20:43:46 Info: logopenfile: fast output device (regular) initialized: fast.log
[1 - Suricata-Main] 2025-11-04 20:43:46 Info: logopenfile: eve-log output device (regular) initialized: eve.json
[1 - Suricata-Main] 2025-11-04 20:43:46 Info: logopenfile: stats output device (regular) initialized: stats.log
[1 - Suricata-Main] 2025-11-04 20:43:46 Info: detect: 1 rule files processed. 2 rules successfully loaded, 0 rules failed, 0 rules skipped
[1 - Suricata-Main] 2025-11-04 20:43:46 Info: threshold-config: Threshold config parsed: 0 rule(s) found
[1 - Suricata-Main] 2025-11-04 20:43:46 Info: detect: 2 signatures processed. 0 are IP-only rules, 1 are inspecting packet payload, 1 inspect application layer, 0 are decoder event only
[1 - Suricata-Main] 2025-11-04 20:43:46 Notice: mpm-hs: Rule group caching - loaded: 0 newly cached: 2 total cacheable: 2
[12 - RX#01] 2025-11-04 20:43:46 Info: pcap: Argument /pcap/ was a directory
[12 - RX#01] 2025-11-04 20:43:46 Info: pcap: Starting directory run for /pcap/
[1 - Suricata-Main] 2025-11-04 20:43:46 Notice: threads: Threads created -> RX: 1 W: 12 FM: 1 FR: 1   Engine started.
[12 - RX#01] 2025-11-04 20:43:47 Info: pcap: Processing pcaps directory /pcap/, files must be newer than 0 and older than 18446744073709550616
[12 - RX#01] 2025-11-04 20:43:47 Info: pcap: Found "/pcap//docker-compose.yml" at 1762112728000
[12 - RX#01] 2025-11-04 20:43:47 Info: pcap: Found "/pcap//open-container-logs.ps1" at 1760300040000
[12 - RX#01] 2025-11-04 20:43:47 Info: pcap: Found "/pcap//c2_logs.txt" at 1762288572000
[12 - RX#01] 2025-11-04 20:43:47 Info: pcap: Found "/pcap//device_logs.txt" at 1762288572000
[12 - RX#01] 2025-11-04 20:43:47 Info: pcap: Found "/pcap//Quick restart sequence (short versi.txt" at 1760380172000
[12 - RX#01] 2025-11-04 20:43:47 Info: pcap: Found "/pcap//start_all.ps1" at 1760381388000
[12 - RX#01] 2025-11-04 20:43:47 Info: pcap: Found "/pcap//stop_and_collect.ps1" at 1760381370000
[12 - RX#01] 2025-11-04 20:43:47 Info: pcap: Found "/pcap//Instructions.txt" at 1760381564000
[12 - RX#01] 2025-11-04 20:43:47 Info: pcap: Found "/pcap//start_and_capture_with_tabs.ps1.txt" at 1760383090000
[12 - RX#01] 2025-11-04 20:43:47 Info: pcap: Found "/pcap//start_and_capture_with_tabs.ps1" at 1760383212000
[12 - RX#01] 2025-11-04 20:43:47 Info: pcap: Found "/pcap//mosquitto_logs.txt" at 1762288572000
[12 - RX#01] 2025-11-04 20:43:47 Info: pcap: Found "/pcap//victim_logs.txt" at 1762288572000
[12 - RX#01] 2025-11-04 20:43:47 Info: pcap: Found "/pcap//start_and_capture_headless.ps1.txt" at 1760383820000
[12 - RX#01] 2025-11-04 20:43:47 Info: pcap: Found "/pcap//process of starting manual.txt" at 1760383926000
[12 - RX#01] 2025-11-04 20:43:47 Info: pcap: Found "/pcap//start_and_capture_headless.ps1" at 1760384296000
[12 - RX#01] 2025-11-04 20:43:47 Info: pcap: Found "/pcap//retrive.txt" at 1760739118000
[12 - RX#01] 2025-11-04 20:43:47 Info: pcap: Found "/pcap//http_gets.csv" at 1760740189190
[12 - RX#01] 2025-11-04 20:43:47 Info: pcap: Found "/pcap//collect_and_package.ps1.txt" at 1760741064000
[12 - RX#01] 2025-11-04 20:43:47 Info: pcap: Found "/pcap//captue and file.txt" at 1760741124000
[12 - RX#01] 2025-11-04 20:43:47 Info: pcap: Found "/pcap//collect_and_package.ps1" at 1760742030000
[12 - RX#01] 2025-11-04 20:43:47 Info: pcap: Found "/pcap//collect_and_package.ps1.bak" at 1760741662000
[12 - RX#01] 2025-11-04 20:43:47 Info: pcap: Found "/pcap//iot-botnet-simulation-c2-1_logs.txt" at 1760745352000
[12 - RX#01] 2025-11-04 20:43:47 Info: pcap: Found "/pcap//iot-botnet-simulation-device-1_logs.txt" at 1760745354000
[12 - RX#01] 2025-11-04 20:43:47 Info: pcap: Found "/pcap//capture details.txt" at 1760743742000
[12 - RX#01] 2025-11-04 20:43:47 Info: pcap: Found "/pcap//wA note.txt" at 1760747384000
[12 - RX#01] 2025-11-04 20:43:47 Info: pcap: Found "/pcap//http_requests_victim.csv" at 1760748584000
[12 - RX#01] 2025-11-04 20:43:47 Info: pcap: Found "/pcap//IDS.txt" at 1762040130000
[12 - RX#01] 2025-11-04 20:43:47 Info: pcap: Found "/pcap//prometheus.yml" at 1762096722000
[12 - RX#01] 2025-11-04 20:43:47 Info: pcap: Found "/pcap//prometheus_targets.json" at 1762097052000
[12 - RX#01] 2025-11-04 20:43:47 Info: pcap: Found "/pcap//probe_success.json" at 1762096902000
[12 - RX#01] 2025-11-04 20:43:47 Info: pcap: Found "/pcap//probe_http_status_code.json" at 1762097192000
[12 - RX#01] 2025-11-04 20:43:47 Info: pcap: Found "/pcap//probe_duration.json" at 1762097192000
[12 - RX#01] 2025-11-04 20:43:47 Info: pcap: Found "/pcap//victim_capture_20251103_012404.pcap" at 1762113424000
[12 - RX#01] 2025-11-04 20:43:47 Info: pcap: Found "/pcap//iot-sim-results_20251103_012404.zip" at 1762113426000
[12 - RX#01] 2025-11-04 20:43:47 Info: pcap: Found "/pcap//victim_capture_20251105_001152.pcap" at 1762281716000
[12 - RX#01] 2025-11-04 20:43:47 Info: pcap: Found "/pcap//iot-sim-results_20251105_001152.zip" at 1762281718000
[12 - RX#01] 2025-11-04 20:43:47 Info: pcap: Found "/pcap//victim_capture_20251105_001259.pcap" at 1762281784000
[12 - RX#01] 2025-11-04 20:43:47 Info: pcap: Found "/pcap//iot-sim-results_20251105_001259.zip" at 1762281786000
[12 - RX#01] 2025-11-04 20:43:47 Info: pcap: Found "/pcap//victim_capture_20251105_005822.pcap" at 1762284506000
[12 - RX#01] 2025-11-04 20:43:47 Info: pcap: Found "/pcap//iot-sim-results_20251105_005822.zip" at 1762284508000
[12 - RX#01] 2025-11-04 20:43:47 Info: pcap: Found "/pcap//victim_capture_20251105_010122.pcap" at 1762284822000
[12 - RX#01] 2025-11-04 20:43:47 Info: pcap: Found "/pcap//iot-sim-results_20251105_010122.zip" at 1762284824000
[12 - RX#01] 2025-11-04 20:43:47 Info: pcap: Found "/pcap//analysis_latest.pcap" at 1762284822000
[12 - RX#01] 2025-11-04 20:43:47 Info: pcap: Found "/pcap//local.rules" at 1762287432000
[12 - RX#01] 2025-11-04 20:43:47 Info: pcap: Found "/pcap//victim_capture_20251105_020408.pcap" at 1762288452000
[12 - RX#01] 2025-11-04 20:43:47 Info: pcap: Found "/pcap//iot-sim-results_20251105_020408.zip" at 1762288454000
[12 - RX#01] 2025-11-04 20:43:47 Info: pcap: Found "/pcap//victim_capture_20251105_020520.pcap" at 1762288570000
[12 - RX#01] 2025-11-04 20:43:47 Info: pcap: Found "/pcap//iot-sim-results_20251105_020520.zip" at 1762288572000
[12 - RX#01] 2025-11-04 20:43:47 Error: pcap: unknown file format
[12 - RX#01] 2025-11-04 20:43:47 Warning: pcap: Failed to init pcap file /pcap//open-container-logs.ps1, skipping
[12 - RX#01] 2025-11-04 20:43:47 Error: pcap: unknown file format
[12 - RX#01] 2025-11-04 20:43:47 Warning: pcap: Failed to init pcap file /pcap//Quick restart sequence (short versi.txt, skipping
[12 - RX#01] 2025-11-04 20:43:47 Error: pcap: unknown file format
[12 - RX#01] 2025-11-04 20:43:47 Warning: pcap: Failed to init pcap file /pcap//stop_and_collect.ps1, skipping
[12 - RX#01] 2025-11-04 20:43:47 Error: pcap: unknown file format
[12 - RX#01] 2025-11-04 20:43:47 Warning: pcap: Failed to init pcap file /pcap//start_all.ps1, skipping
[12 - RX#01] 2025-11-04 20:43:47 Error: pcap: unknown file format
[12 - RX#01] 2025-11-04 20:43:47 Warning: pcap: Failed to init pcap file /pcap//Instructions.txt, skipping
[12 - RX#01] 2025-11-04 20:43:47 Error: pcap: unknown file format
[12 - RX#01] 2025-11-04 20:43:47 Warning: pcap: Failed to init pcap file /pcap//start_and_capture_with_tabs.ps1.txt, skipping
[12 - RX#01] 2025-11-04 20:43:47 Error: pcap: unknown file format
[12 - RX#01] 2025-11-04 20:43:47 Warning: pcap: Failed to init pcap file /pcap//start_and_capture_with_tabs.ps1, skipping
[12 - RX#01] 2025-11-04 20:43:47 Error: pcap: unknown file format
[12 - RX#01] 2025-11-04 20:43:47 Warning: pcap: Failed to init pcap file /pcap//start_and_capture_headless.ps1.txt, skipping
[12 - RX#01] 2025-11-04 20:43:47 Error: pcap: unknown file format
[12 - RX#01] 2025-11-04 20:43:47 Warning: pcap: Failed to init pcap file /pcap//process of starting manual.txt, skipping
[12 - RX#01] 2025-11-04 20:43:47 Error: pcap: unknown file format
[12 - RX#01] 2025-11-04 20:43:47 Warning: pcap: Failed to init pcap file /pcap//start_and_capture_headless.ps1, skipping
[12 - RX#01] 2025-11-04 20:43:47 Error: pcap: unknown file format
[12 - RX#01] 2025-11-04 20:43:47 Warning: pcap: Failed to init pcap file /pcap//retrive.txt, skipping
[12 - RX#01] 2025-11-04 20:43:47 Error: pcap: truncated dump file; tried to read 4 file header bytes, only got 0
[12 - RX#01] 2025-11-04 20:43:47 Warning: pcap: Failed to init pcap file /pcap//http_gets.csv, skipping
[12 - RX#01] 2025-11-04 20:43:47 Error: pcap: unknown file format
[12 - RX#01] 2025-11-04 20:43:47 Warning: pcap: Failed to init pcap file /pcap//collect_and_package.ps1.txt, skipping
[12 - RX#01] 2025-11-04 20:43:47 Error: pcap: unknown file format
[12 - RX#01] 2025-11-04 20:43:47 Warning: pcap: Failed to init pcap file /pcap//captue and file.txt, skipping
[12 - RX#01] 2025-11-04 20:43:47 Error: pcap: unknown file format
[12 - RX#01] 2025-11-04 20:43:47 Warning: pcap: Failed to init pcap file /pcap//collect_and_package.ps1.bak, skipping
[12 - RX#01] 2025-11-04 20:43:47 Error: pcap: unknown file format
[12 - RX#01] 2025-11-04 20:43:47 Warning: pcap: Failed to init pcap file /pcap//collect_and_package.ps1, skipping
[12 - RX#01] 2025-11-04 20:43:47 Error: pcap: unknown file format
[12 - RX#01] 2025-11-04 20:43:47 Warning: pcap: Failed to init pcap file /pcap//capture details.txt, skipping
[12 - RX#01] 2025-11-04 20:43:47 Error: pcap: unknown file format
[12 - RX#01] 2025-11-04 20:43:47 Warning: pcap: Failed to init pcap file /pcap//iot-botnet-simulation-c2-1_logs.txt, skipping
[12 - RX#01] 2025-11-04 20:43:47 Error: pcap: unknown file format
[12 - RX#01] 2025-11-04 20:43:47 Warning: pcap: Failed to init pcap file /pcap//iot-botnet-simulation-device-1_logs.txt, skipping
[12 - RX#01] 2025-11-04 20:43:47 Error: pcap: unknown file format
[12 - RX#01] 2025-11-04 20:43:47 Warning: pcap: Failed to init pcap file /pcap//wA note.txt, skipping
[12 - RX#01] 2025-11-04 20:43:47 Error: pcap: unknown file format
[12 - RX#01] 2025-11-04 20:43:47 Warning: pcap: Failed to init pcap file /pcap//http_requests_victim.csv, skipping
[12 - RX#01] 2025-11-04 20:43:47 Error: pcap: unknown file format
[12 - RX#01] 2025-11-04 20:43:47 Warning: pcap: Failed to init pcap file /pcap//IDS.txt, skipping
[12 - RX#01] 2025-11-04 20:43:48 Error: pcap: unknown file format
[12 - RX#01] 2025-11-04 20:43:48 Warning: pcap: Failed to init pcap file /pcap//prometheus.yml, skipping
[12 - RX#01] 2025-11-04 20:43:48 Error: pcap: unknown file format
[12 - RX#01] 2025-11-04 20:43:48 Warning: pcap: Failed to init pcap file /pcap//probe_success.json, skipping
[12 - RX#01] 2025-11-04 20:43:48 Error: pcap: unknown file format
[12 - RX#01] 2025-11-04 20:43:48 Warning: pcap: Failed to init pcap file /pcap//prometheus_targets.json, skipping
[12 - RX#01] 2025-11-04 20:43:48 Error: pcap: unknown file format
[12 - RX#01] 2025-11-04 20:43:48 Warning: pcap: Failed to init pcap file /pcap//probe_http_status_code.json, skipping
[12 - RX#01] 2025-11-04 20:43:48 Error: pcap: unknown file format
[12 - RX#01] 2025-11-04 20:43:48 Warning: pcap: Failed to init pcap file /pcap//probe_duration.json, skipping
[12 - RX#01] 2025-11-04 20:43:48 Error: pcap: unknown file format
[12 - RX#01] 2025-11-04 20:43:48 Warning: pcap: Failed to init pcap file /pcap//docker-compose.yml, skipping
[12 - RX#01] 2025-11-04 20:43:48 Info: pcap: pcap file /pcap//victim_capture_20251103_012404.pcap end of file reached (pcap err code 0)
[12 - RX#01] 2025-11-04 20:43:48 Info: pcap: Processed file /pcap//victim_capture_20251103_012404.pcap, processed up to 1762113424000
[12 - RX#01] 2025-11-04 20:43:48 Error: pcap: unknown file format
[12 - RX#01] 2025-11-04 20:43:48 Warning: pcap: Failed to init pcap file /pcap//iot-sim-results_20251103_012404.zip, skipping
[12 - RX#01] 2025-11-04 20:43:48 Info: pcap: pcap file /pcap//victim_capture_20251105_001152.pcap end of file reached (pcap err code 0)
[12 - RX#01] 2025-11-04 20:43:48 Info: pcap: Processed file /pcap//victim_capture_20251105_001152.pcap, processed up to 1762281716000
[12 - RX#01] 2025-11-04 20:43:48 Error: pcap: unknown file format
[12 - RX#01] 2025-11-04 20:43:48 Warning: pcap: Failed to init pcap file /pcap//iot-sim-results_20251105_001152.zip, skipping
[12 - RX#01] 2025-11-04 20:43:48 Info: pcap: pcap file /pcap//victim_capture_20251105_001259.pcap end of file reached (pcap err code 0)
[12 - RX#01] 2025-11-04 20:43:48 Info: pcap: Processed file /pcap//victim_capture_20251105_001259.pcap, processed up to 1762281784000
[12 - RX#01] 2025-11-04 20:43:48 Error: pcap: unknown file format
[12 - RX#01] 2025-11-04 20:43:48 Warning: pcap: Failed to init pcap file /pcap//iot-sim-results_20251105_001259.zip, skipping
[12 - RX#01] 2025-11-04 20:43:48 Info: pcap: pcap file /pcap//victim_capture_20251105_005822.pcap end of file reached (pcap err code 0)
[12 - RX#01] 2025-11-04 20:43:48 Info: pcap: Processed file /pcap//victim_capture_20251105_005822.pcap, processed up to 1762284506000
[12 - RX#01] 2025-11-04 20:43:48 Error: pcap: unknown file format
[12 - RX#01] 2025-11-04 20:43:48 Warning: pcap: Failed to init pcap file /pcap//iot-sim-results_20251105_005822.zip, skipping
[12 - RX#01] 2025-11-04 20:43:48 Info: pcap: pcap file /pcap//victim_capture_20251105_010122.pcap end of file reached (pcap err code 0)
[12 - RX#01] 2025-11-04 20:43:48 Info: pcap: Processed file /pcap//victim_capture_20251105_010122.pcap, processed up to 1762284822000
[12 - RX#01] 2025-11-04 20:43:48 Info: pcap: pcap file /pcap//analysis_latest.pcap end of file reached (pcap err code 0)
[12 - RX#01] 2025-11-04 20:43:48 Info: pcap: Processed file /pcap//analysis_latest.pcap, processed up to 1762284822000
[12 - RX#01] 2025-11-04 20:43:48 Error: pcap: unknown file format
[12 - RX#01] 2025-11-04 20:43:48 Warning: pcap: Failed to init pcap file /pcap//iot-sim-results_20251105_010122.zip, skipping
[12 - RX#01] 2025-11-04 20:43:48 Error: pcap: unknown file format
[12 - RX#01] 2025-11-04 20:43:48 Warning: pcap: Failed to init pcap file /pcap//local.rules, skipping
[12 - RX#01] 2025-11-04 20:43:48 Info: pcap: pcap file /pcap//victim_capture_20251105_020408.pcap end of file reached (pcap err code 0)
[12 - RX#01] 2025-11-04 20:43:48 Info: pcap: Processed file /pcap//victim_capture_20251105_020408.pcap, processed up to 1762288452000
[12 - RX#01] 2025-11-04 20:43:48 Error: pcap: unknown file format
[12 - RX#01] 2025-11-04 20:43:48 Warning: pcap: Failed to init pcap file /pcap//iot-sim-results_20251105_020408.zip, skipping
[12 - RX#01] 2025-11-04 20:43:48 Info: pcap: pcap file /pcap//victim_capture_20251105_020520.pcap end of file reached (pcap err code 0)
[12 - RX#01] 2025-11-04 20:43:48 Info: pcap: Processed file /pcap//victim_capture_20251105_020520.pcap, processed up to 1762288570000
[12 - RX#01] 2025-11-04 20:43:48 Error: pcap: unknown file format
[12 - RX#01] 2025-11-04 20:43:48 Warning: pcap: Failed to init pcap file /pcap//c2_logs.txt, skipping
[12 - RX#01] 2025-11-04 20:43:48 Error: pcap: unknown file format
[12 - RX#01] 2025-11-04 20:43:48 Warning: pcap: Failed to init pcap file /pcap//device_logs.txt, skipping
[12 - RX#01] 2025-11-04 20:43:48 Error: pcap: unknown file format
[12 - RX#01] 2025-11-04 20:43:48 Warning: pcap: Failed to init pcap file /pcap//mosquitto_logs.txt, skipping
[12 - RX#01] 2025-11-04 20:43:48 Error: pcap: unknown file format
[12 - RX#01] 2025-11-04 20:43:48 Warning: pcap: Failed to init pcap file /pcap//victim_logs.txt, skipping
[12 - RX#01] 2025-11-04 20:43:48 Error: pcap: unknown file format
[12 - RX#01] 2025-11-04 20:43:48 Warning: pcap: Failed to init pcap file /pcap//iot-sim-results_20251105_020520.zip, skipping
[12 - RX#01] 2025-11-04 20:43:48 Info: pcap: Updating processed to 1762288570000
[12 - RX#01] 2025-11-04 20:43:48 Info: pcap: Directory run mode complete
[1 - Suricata-Main] 2025-11-04 20:43:48 Notice: suricata: Signal Received.  Stopping engine.
[1 - Suricata-Main] 2025-11-04 20:43:48 Info: suricata: time elapsed 2.148s
[12 - RX#01] 2025-11-04 20:43:48 Notice: pcap: read 8 files, 900 packets, 148144 bytes
[1 - Suricata-Main] 2025-11-04 20:43:48 Info: counters: Alerts: 51
[1 - Suricata-Main] 2025-11-04 20:45:45 Notice: suricata: This is Suricata version 8.0.1 RELEASE running in USER mode
[1 - Suricata-Main] 2025-11-04 20:45:45 Info: cpu: CPUs/cores online: 12
[1 - Suricata-Main] 2025-11-04 20:45:45 Info: suricata: Setting engine mode to IDS mode by default
[1 - Suricata-Main] 2025-11-04 20:45:45 Info: exception-policy: master exception-policy set to: auto
[1 - Suricata-Main] 2025-11-04 20:45:46 Info: logopenfile: fast output device (regular) initialized: fast.log
[1 - Suricata-Main] 2025-11-04 20:45:46 Info: logopenfile: eve-log output device (regular) initialized: eve.json
[1 - Suricata-Main] 2025-11-04 20:45:46 Info: logopenfile: stats output device (regular) initialized: stats.log
[1 - Suricata-Main] 2025-11-04 20:45:46 Info: detect: 1 rule files processed. 2 rules successfully loaded, 0 rules failed, 0 rules skipped
[1 - Suricata-Main] 2025-11-04 20:45:46 Info: threshold-config: Threshold config parsed: 0 rule(s) found
[1 - Suricata-Main] 2025-11-04 20:45:46 Info: detect: 2 signatures processed. 0 are IP-only rules, 1 are inspecting packet payload, 1 inspect application layer, 0 are decoder event only
[1 - Suricata-Main] 2025-11-04 20:45:46 Notice: mpm-hs: Rule group caching - loaded: 0 newly cached: 2 total cacheable: 2
[12 - RX#01] 2025-11-04 20:45:46 Info: pcap: Starting file run for /pcap/victim_capture_20251105_020520.pcap
[1 - Suricata-Main] 2025-11-04 20:45:46 Notice: threads: Threads created -> RX: 1 W: 12 FM: 1 FR: 1   Engine started.
[12 - RX#01] 2025-11-04 20:45:46 Info: pcap: pcap file /pcap/victim_capture_20251105_020520.pcap end of file reached (pcap err code 0)
[1 - Suricata-Main] 2025-11-04 20:45:46 Notice: suricata: Signal Received.  Stopping engine.
[1 - Suricata-Main] 2025-11-04 20:45:46 Info: suricata: time elapsed 0.108s
[12 - RX#01] 2025-11-04 20:45:46 Notice: pcap: read 1 file, 200 packets, 33212 bytes
[1 - Suricata-Main] 2025-11-04 20:45:46 Info: counters: Alerts: 14
[1 - Suricata-Main] 2025-11-04 20:56:17 Notice: suricata: This is Suricata version 8.0.1 RELEASE running in USER mode
[1 - Suricata-Main] 2025-11-04 20:56:17 Info: cpu: CPUs/cores online: 12
[1 - Suricata-Main] 2025-11-04 20:56:17 Info: suricata: Setting engine mode to IDS mode by default
[1 - Suricata-Main] 2025-11-04 20:56:17 Info: exception-policy: master exception-policy set to: auto
[1 - Suricata-Main] 2025-11-04 20:56:17 Info: logopenfile: fast output device (regular) initialized: fast.log
[1 - Suricata-Main] 2025-11-04 20:56:17 Info: logopenfile: eve-log output device (regular) initialized: eve.json
[1 - Suricata-Main] 2025-11-04 20:56:17 Info: logopenfile: stats output device (regular) initialized: stats.log
[1 - Suricata-Main] 2025-11-04 20:56:17 Info: detect: 1 rule files processed. 2 rules successfully loaded, 0 rules failed, 0 rules skipped
[1 - Suricata-Main] 2025-11-04 20:56:17 Info: threshold-config: Threshold config parsed: 0 rule(s) found
[1 - Suricata-Main] 2025-11-04 20:56:17 Info: detect: 2 signatures processed. 0 are IP-only rules, 1 are inspecting packet payload, 1 inspect application layer, 0 are decoder event only
[1 - Suricata-Main] 2025-11-04 20:56:17 Notice: mpm-hs: Rule group caching - loaded: 0 newly cached: 2 total cacheable: 2
[12 - RX#01] 2025-11-04 20:56:17 Info: pcap: Starting file run for /pcap/analysis_latest.pcap
[1 - Suricata-Main] 2025-11-04 20:56:17 Notice: threads: Threads created -> RX: 1 W: 12 FM: 1 FR: 1   Engine started.
[12 - RX#01] 2025-11-04 20:56:17 Info: pcap: pcap file /pcap/analysis_latest.pcap end of file reached (pcap err code 0)
[1 - Suricata-Main] 2025-11-04 20:56:17 Notice: suricata: Signal Received.  Stopping engine.
[1 - Suricata-Main] 2025-11-04 20:56:17 Info: suricata: time elapsed 0.120s
[12 - RX#01] 2025-11-04 20:56:17 Notice: pcap: read 1 file, 200 packets, 33212 bytes
[1 - Suricata-Main] 2025-11-04 20:56:17 Info: counters: Alerts: 14
